

Microchip MPLAB XC8 Assembler V2.46 build 20240104201356 
                                                                                               Mon Dec 29 22:42:14 2025

Microchip MPLAB XC8 C Compiler v2.46 (Free license) build 20240104201356 Og1 
     1                           	processor	16F876
     2                           	pagewidth 120
     3                           	opt	flic
     4                           	psect	strings,global,class=STRING,delta=2,noexec
     5                           	psect	nvBANK0,global,class=BANK0,space=1,delta=1,noexec
     6                           	psect	cinit,global,class=CODE,merge=1,delta=2
     7                           	psect	bssBANK0,global,class=BANK0,space=1,delta=1,noexec
     8                           	psect	clrtext,global,class=CODE,delta=2
     9                           	psect	cstackCOMMON,global,class=COMMON,space=1,delta=1,noexec
    10                           	psect	maintext,global,class=CODE,split=1,delta=2
    11                           	psect	text1,local,class=CODE,merge=1,delta=2
    12                           	psect	text2,local,class=CODE,merge=1,delta=2
    13                           	psect	config,global,abs,ovrld,class=CONFIG,space=4,delta=2,noexec
    14                           	dabs	1,0x7E,2
    15     0000                     
    16                           ; Generated 12/10/2023 GMT
    17                           ; 
    18                           ; Copyright © 2023, Microchip Technology Inc. and its subsidiaries ("Microchip")
    19                           ; All rights reserved.
    20                           ; 
    21                           ; This software is developed by Microchip Technology Inc. and its subsidiaries ("Microch
      +                          ip").
    22                           ; 
    23                           ; Redistribution and use in source and binary forms, with or without modification, are
    24                           ; permitted provided that the following conditions are met:
    25                           ; 
    26                           ;     1. Redistributions of source code must retain the above copyright notice, this lis
      +                          t of
    27                           ;        conditions and the following disclaimer.
    28                           ; 
    29                           ;     2. Redistributions in binary form must reproduce the above copyright notice, this 
      +                          list
    30                           ;        of conditions and the following disclaimer in the documentation and/or other
    31                           ;        materials provided with the distribution. Publication is not required when
    32                           ;        this file is used in an embedded application.
    33                           ; 
    34                           ;     3. Microchip's name may not be used to endorse or promote products derived from th
      +                          is
    35                           ;        software without specific prior written permission.
    36                           ; 
    37                           ; THIS SOFTWARE IS PROVIDED BY MICROCHIP "AS IS" AND ANY EXPRESS OR IMPLIED WARRANTIES,
    38                           ; INCLUDING, BUT NOT LIMITED TO, THE IMPLIED WARRANTIES OF MERCHANTABILITY AND FITNESS F
      +                          OR
    39                           ; PURPOSE ARE DISCLAIMED.  IN NO EVENT SHALL MICROCHIP BE LIABLE FOR ANY DIRECT, INDIREC
      +                          T,
    40                           ; INCIDENTAL, SPECIAL, EXEMPLARY, OR CONSEQUENTIAL DAMAGES (INCLUDING BUT NOT LIMITED TO
    41                           ; PROCUREMENT OF SUBSTITUTE GOODS OR SERVICES; LOSS OF USE, DATA OR PROFITS; OR BUSINESS
    42                           ; INTERRUPTION) HOWSOEVER CAUSED AND ON ANY THEORY OF LIABILITY, WHETHER IN CONTRACT, ST
      +                          RICT
    43                           ; LIABILITY, OR TORT (INCLUDING NEGLIGENCE OR OTHERWISE) ARISING IN ANY WAY OUT OF THE U
      +                          SE OF
    44                           ; THIS SOFTWARE, EVEN IF ADVISED OF THE POSSIBILITY OF SUCH DAMAGE.
    45                           ; 
    46                           ; 
    47                           ; Code-generator required, PIC16F876 Definitions
    48                           ; 
    49                           ; SFR Addresses
    50     0000                     	;# 
    51     0001                     	;# 
    52     0002                     	;# 
    53     0003                     	;# 
    54     0004                     	;# 
    55     0005                     	;# 
    56     0006                     	;# 
    57     0007                     	;# 
    58     000A                     	;# 
    59     000B                     	;# 
    60     000C                     	;# 
    61     000D                     	;# 
    62     000E                     	;# 
    63     000E                     	;# 
    64     000F                     	;# 
    65     0010                     	;# 
    66     0011                     	;# 
    67     0012                     	;# 
    68     0013                     	;# 
    69     0014                     	;# 
    70     0015                     	;# 
    71     0015                     	;# 
    72     0016                     	;# 
    73     0017                     	;# 
    74     0018                     	;# 
    75     0019                     	;# 
    76     001A                     	;# 
    77     001B                     	;# 
    78     001B                     	;# 
    79     001C                     	;# 
    80     001D                     	;# 
    81     001E                     	;# 
    82     001F                     	;# 
    83     0081                     	;# 
    84     0085                     	;# 
    85     0086                     	;# 
    86     0087                     	;# 
    87     008C                     	;# 
    88     008D                     	;# 
    89     008E                     	;# 
    90     0091                     	;# 
    91     0092                     	;# 
    92     0093                     	;# 
    93     0094                     	;# 
    94     0098                     	;# 
    95     0099                     	;# 
    96     009E                     	;# 
    97     009F                     	;# 
    98     010C                     	;# 
    99     010D                     	;# 
   100     010E                     	;# 
   101     010F                     	;# 
   102     018C                     	;# 
   103     018D                     	;# 
   104     0000                     	;# 
   105     0001                     	;# 
   106     0002                     	;# 
   107     0003                     	;# 
   108     0004                     	;# 
   109     0005                     	;# 
   110     0006                     	;# 
   111     0007                     	;# 
   112     000A                     	;# 
   113     000B                     	;# 
   114     000C                     	;# 
   115     000D                     	;# 
   116     000E                     	;# 
   117     000E                     	;# 
   118     000F                     	;# 
   119     0010                     	;# 
   120     0011                     	;# 
   121     0012                     	;# 
   122     0013                     	;# 
   123     0014                     	;# 
   124     0015                     	;# 
   125     0015                     	;# 
   126     0016                     	;# 
   127     0017                     	;# 
   128     0018                     	;# 
   129     0019                     	;# 
   130     001A                     	;# 
   131     001B                     	;# 
   132     001B                     	;# 
   133     001C                     	;# 
   134     001D                     	;# 
   135     001E                     	;# 
   136     001F                     	;# 
   137     0081                     	;# 
   138     0085                     	;# 
   139     0086                     	;# 
   140     0087                     	;# 
   141     008C                     	;# 
   142     008D                     	;# 
   143     008E                     	;# 
   144     0091                     	;# 
   145     0092                     	;# 
   146     0093                     	;# 
   147     0094                     	;# 
   148     0098                     	;# 
   149     0099                     	;# 
   150     009E                     	;# 
   151     009F                     	;# 
   152     010C                     	;# 
   153     010D                     	;# 
   154     010E                     	;# 
   155     010F                     	;# 
   156     018C                     	;# 
   157     018D                     	;# 
   158                           
   159                           	psect	strings
   160     0004                     __pstrings:
   161     0004                     stringtab:
   162     0004                     __stringtab:
   163     0004                     stringcode:	
   164                           ;	String table - string pointers are 1 byte each
   165                           
   166     0004                     stringdir:
   167     0004  3000               	movlw	high stringdir
   168     0005  008A               	movwf	10
   169     0006  0804               	movf	4,w
   170     0007  0A84               	incf	4,f
   171     0008  0782               	addwf	2,f
   172     0009                     __stringbase:
   173     0009  3400               	retlw	0
   174     000A                     __end_of__stringtab:
   175     000A                     _AAINV:
   176     000A  3455               	retlw	85
   177     000B                     __end_of_AAINV:
   178     000B                     _ALTINV:
   179     000B  345A               	retlw	90
   180     000C                     __end_of_ALTINV:
   181     000C                     _COP:
   182     000C  3441               	retlw	65
   183     000D                     __end_of_COP:
   184     000D                     _AA:
   185     000D  34AA               	retlw	170
   186     000E                     __end_of_AA:
   187     000E                     _ALT:
   188     000E  34A5               	retlw	165
   189     000F                     __end_of_ALT:
   190                           
   191                           	psect	nvBANK0
   192     0049                     __pnvBANK0:
   193     0049                     _ptr:
   194     0049                     	ds	2
   195     000E                     _TMR1	set	14
   196     0019                     _TXREG	set	25
   197     001A                     _RCREG	set	26
   198     0012                     _T2CONbits	set	18
   199     0006                     _PORTB	set	6
   200     0005                     _PORTA	set	5
   201     0007                     _PORTC	set	7
   202     0003                     _STATUS	set	3
   203     001E                     _ADRESH	set	30
   204     001F                     _ADCON0	set	31
   205     0064                     _TXIF	set	100
   206     00C1                     _OERR	set	193
   207     003D                     _RC5	set	61
   208     0065                     _RCIF	set	101
   209     003B                     _RC3	set	59
   210     0060                     _TMR1IF	set	96
   211     00C4                     _CREN	set	196
   212     00C7                     _SPEN	set	199
   213     0080                     _TMR1ON	set	128
   214     00FA                     _GO_DONE	set	250
   215     0099                     _SPBRG	set	153
   216     009F                     _ADCON1bits	set	159
   217     0085                     _TRISA	set	133
   218     0081                     _OPTION_REGbits	set	129
   219     0086                     _TRISB	set	134
   220     0087                     _TRISC	set	135
   221     009E                     _ADRESL	set	158
   222     04C1                     _TRMT	set	1217
   223     04C5                     _TXEN	set	1221
   224     04C2                     _BRGH	set	1218
   225                           
   226                           	psect	cinit
   227     07F3                     start_initialization:	
   228                           ; #config settings
   229                           
   230     07F3                     __initialization:
   231                           
   232                           ; Clear objects allocated to BANK0
   233     07F3  1383               	bcf	3,7	;select IRP bank0
   234     07F4  3020               	movlw	low __pbssBANK0
   235     07F5  0084               	movwf	4
   236     07F6  3049               	movlw	low (__pbssBANK0+41)
   237     07F7  120A  118A  25CF  120A  118A  	fcall	clear_ram0
   238     07FC                     end_of_initialization:	
   239                           ;End of C runtime variable initialization code
   240                           
   241     07FC                     __end_of__initialization:
   242     07FC  0183               	clrf	3
   243     07FD  120A  118A  2E2E   	ljmp	_main	;jump to C main() function
   244                           
   245                           	psect	bssBANK0
   246     0020                     __pbssBANK0:
   247     0020                     _in:
   248     0020                     	ds	8
   249     0028                     _bufout:
   250     0028                     	ds	5
   251     002D                     _timvyp:
   252     002D                     	ds	4
   253     0031                     _blik:
   254     0031                     	ds	2
   255     0033                     _kom:
   256     0033                     	ds	1
   257     0034                     _prijac:
   258     0034                     	ds	1
   259     0035                     _prijaty:
   260     0035                     	ds	1
   261     0036                     _startime:
   262     0036                     	ds	1
   263     0037                     _j:
   264     0037                     	ds	1
   265     0038                     _k:
   266     0038                     	ds	1
   267     0039                     _i:
   268     0039                     	ds	1
   269     003A                     _stepold:
   270     003A                     	ds	1
   271     003B                     _step:
   272     003B                     	ds	1
   273     003C                     _film:
   274     003C                     	ds	1
   275     003D                     _res:
   276     003D                     	ds	1
   277     003E                     _set:
   278     003E                     	ds	1
   279     003F                     _fh:
   280     003F                     	ds	1
   281     0040                     _fil:
   282     0040                     	ds	1
   283     0041                     _kniplxfil:
   284     0041                     	ds	2
   285     0043                     _kniplyfil:
   286     0043                     	ds	2
   287     0045                     _kniplx:
   288     0045                     	ds	2
   289     0047                     _kniply:
   290     0047                     	ds	2
   291                           
   292                           	psect	clrtext
   293     05CF                     clear_ram0:	
   294                           ;	Called with FSR containing the base address, and
   295                           ;	W with the last address+1
   296                           
   297     05CF  0064               	clrwdt	;clear the watchdog before getting into this loop
   298     05D0                     clrloop0:
   299     05D0  0180               	clrf	0	;clear RAM location pointed to by FSR
   300     05D1  0A84               	incf	4,f	;increment pointer
   301     05D2  0604               	xorwf	4,w	;XOR with final address
   302     05D3  1903               	btfsc	3,2	;have we reached the end yet?
   303     05D4  3400               	retlw	0	;all done for this memory range, return
   304     05D5  0604               	xorwf	4,w	;XOR again to restore value
   305     05D6  2DD0               	goto	clrloop0	;do the next byte
   306                           
   307                           	psect	cstackCOMMON
   308     0071                     __pcstackCOMMON:
   309     0071                     ?_adc_filter:
   310     0071                     ?_adc_read:	
   311                           ; 1 bytes @ 0x0
   312                           
   313     0071                     adc_filter@filt:	
   314                           ; 2 bytes @ 0x0
   315                           
   316                           
   317                           ; 1 bytes @ 0x0
   318     0071                     	ds	1
   319     0072                     ??_adc_filter:
   320                           
   321                           ; 1 bytes @ 0x1
   322     0072                     	ds	1
   323     0073                     ??_adc_read:
   324                           
   325                           ; 1 bytes @ 0x2
   326     0073                     	ds	1
   327     0074                     adc_read@channel:
   328                           
   329                           ; 1 bytes @ 0x3
   330     0074                     	ds	2
   331     0076                     adc_filter@ax:
   332                           
   333                           ; 2 bytes @ 0x5
   334     0076                     	ds	2
   335     0078                     adc_filter@act:
   336                           
   337                           ; 1 bytes @ 0x7
   338     0078                     	ds	1
   339     0079                     ?_main:
   340     0079                     main@argc:	
   341                           ; 2 bytes @ 0x8
   342                           
   343                           
   344                           ; 2 bytes @ 0x8
   345     0079                     	ds	2
   346     007B                     main@argv:
   347                           
   348                           ; 2 bytes @ 0xA
   349     007B                     	ds	2
   350     007D                     ??_main:
   351                           
   352                           ; 1 bytes @ 0xC
   353     007D                     	ds	1
   354                           
   355                           	psect	maintext
   356     062E                     __pmaintext:	
   357 ;;
   358 ;;Main: autosize = 0, tempsize = 1, incstack = 0, save=0
   359 ;;
   360 ;; *************** function _main *****************
   361 ;; Defined at:
   362 ;;		line 86 in file "DCOVL.c"
   363 ;; Parameters:    Size  Location     Type
   364 ;;  argc            2    8[COMMON] int 
   365 ;;  argv            2   10[COMMON] PTR PTR unsigned char 
   366 ;; Auto vars:     Size  Location     Type
   367 ;;		None
   368 ;; Return value:  Size  Location     Type
   369 ;;                  2    8[COMMON] int 
   370 ;; Registers used:
   371 ;;		wreg, fsr0l, fsr0h, status,2, status,0, btemp+1, pclath, cstack
   372 ;; Tracked objects:
   373 ;;		On entry : B00/0
   374 ;;		On exit  : 0/0
   375 ;;		Unchanged: 0/0
   376 ;; Data sizes:     COMMON   BANK0   BANK1   BANK3   BANK2
   377 ;;      Params:         4       0       0       0       0
   378 ;;      Locals:         0       0       0       0       0
   379 ;;      Temps:          1       0       0       0       0
   380 ;;      Totals:         5       0       0       0       0
   381 ;;Total ram usage:        5 bytes
   382 ;; Hardware stack levels required when called: 1
   383 ;; This function calls:
   384 ;;		_adc_filter
   385 ;;		_adc_read
   386 ;; This function is called by:
   387 ;;		Startup code after reset
   388 ;; This function uses a non-reentrant model
   389 ;;
   390                           
   391     062E                     _main:	
   392                           ;psect for function _main
   393                           
   394     062E                     l950:	
   395                           ;incstack = 0
   396                           ; Regs used in _main: [wreg-fsr0h+status,2+status,0+btemp+1+pclath+cstack]
   397                           
   398                           
   399                           ;DCOVL.c: 86: int main(int argc, char** argv);DCOVL.c: 87: {;DCOVL.c: 88:     STATUS= 0x
      +                          18;
   400     062E  3018               	movlw	24
   401     062F  1283               	bcf	3,5	;RP0=0, select bank0
   402     0630  1303               	bcf	3,6	;RP1=0, select bank0
   403     0631  0083               	movwf	3	;volatile
   404                           
   405                           ;DCOVL.c: 89:     for(ptr=(uint8_t *)0x20; ptr < (uint8_t *)0x80; ptr++)
   406     0632  3020               	movlw	32
   407     0633  00C9               	movwf	_ptr
   408     0634  3000               	movlw	0
   409     0635  00CA               	movwf	_ptr+1
   410     0636                     l954:
   411                           
   412                           ;DCOVL.c: 90:     {;DCOVL.c: 91:         if(ptr != (&ptr) )
   413     0636  3000               	movlw	0
   414     0637  064A               	xorwf	_ptr+1,w
   415     0638  1D03               	skipz
   416     0639  2E3C               	goto	u355
   417     063A  3049               	movlw	low (_ptr| 0)
   418     063B  0649               	xorwf	_ptr,w
   419     063C                     u355:
   420     063C  1903               	skipnz
   421     063D  2E3F               	goto	u351
   422     063E  2E40               	goto	u350
   423     063F                     u351:
   424     063F  2E46               	goto	l958
   425     0640                     u350:
   426     0640                     l956:
   427                           
   428                           ;DCOVL.c: 92:         {;DCOVL.c: 93:           *ptr=0;
   429     0640  0849               	movf	_ptr,w
   430     0641  0084               	movwf	4
   431     0642  1783               	bsf	3,7
   432     0643  1C4A               	btfss	_ptr+1,0
   433     0644  1383               	bcf	3,7
   434     0645  0180               	clrf	0
   435     0646                     l958:
   436                           
   437                           ;DCOVL.c: 95:     }
   438     0646  3001               	movlw	1
   439     0647  07C9               	addwf	_ptr,f
   440     0648  1803               	skipnc
   441     0649  0ACA               	incf	_ptr+1,f
   442     064A  3000               	movlw	0
   443     064B  07CA               	addwf	_ptr+1,f
   444     064C                     l960:
   445     064C  3000               	movlw	0
   446     064D  024A               	subwf	_ptr+1,w
   447     064E  3080               	movlw	128
   448     064F  1903               	skipnz
   449     0650  0249               	subwf	_ptr,w
   450     0651  1C03               	skipc
   451     0652  2E54               	goto	u361
   452     0653  2E55               	goto	u360
   453     0654                     u361:
   454     0654  2E36               	goto	l954
   455     0655                     u360:
   456     0655                     l962:
   457                           
   458                           ;DCOVL.c: 97:    TRISC=0x80;
   459     0655  3080               	movlw	128
   460     0656  1683               	bsf	3,5	;RP0=1, select bank1
   461     0657  1303               	bcf	3,6	;RP1=0, select bank1
   462     0658  0087               	movwf	7	;volatile
   463     0659                     l964:
   464                           
   465                           ;DCOVL.c: 98:    PORTC=0x0;
   466     0659  1283               	bcf	3,5	;RP0=0, select bank0
   467     065A  1303               	bcf	3,6	;RP1=0, select bank0
   468     065B  0187               	clrf	7	;volatile
   469     065C                     l966:
   470                           
   471                           ;DCOVL.c: 99:    TRISB=0b00111110;
   472     065C  303E               	movlw	62
   473     065D  1683               	bsf	3,5	;RP0=1, select bank1
   474     065E  1303               	bcf	3,6	;RP1=0, select bank1
   475     065F  0086               	movwf	6	;volatile
   476     0660                     l968:
   477                           
   478                           ;DCOVL.c: 100:    PORTA= 0b00000011;
   479     0660  3003               	movlw	3
   480     0661  1283               	bcf	3,5	;RP0=0, select bank0
   481     0662  1303               	bcf	3,6	;RP1=0, select bank0
   482     0663  0085               	movwf	5	;volatile
   483     0664                     l970:
   484                           
   485                           ;DCOVL.c: 101:    OPTION_REGbits.nRBPU=0;
   486     0664  1683               	bsf	3,5	;RP0=1, select bank1
   487     0665  1303               	bcf	3,6	;RP1=0, select bank1
   488     0666  1381               	bcf	1,7	;volatile
   489     0667                     l972:
   490                           
   491                           ;DCOVL.c: 102:    OPTION_REGbits.PSA=0;
   492     0667  1181               	bcf	1,3	;volatile
   493     0668                     l974:
   494                           
   495                           ;DCOVL.c: 103:    TRISA= 0b00000011;
   496     0668  3003               	movlw	3
   497     0669  0085               	movwf	5	;volatile
   498     066A                     l976:
   499                           
   500                           ;DCOVL.c: 104:    ADCON1bits.ADFM= 0;
   501     066A  139F               	bcf	31,7	;volatile
   502     066B                     l978:
   503                           
   504                           ;DCOVL.c: 105:    ADCON1bits.PCFG= 4;
   505     066B  081F               	movf	31,w	;volatile
   506     066C  39F0               	andlw	-16
   507     066D  3804               	iorlw	4
   508     066E  009F               	movwf	31	;volatile
   509     066F                     l980:
   510                           
   511                           ;DCOVL.c: 107:    film= ~PORTB;;
   512     066F  1283               	bcf	3,5	;RP0=0, select bank0
   513     0670  1303               	bcf	3,6	;RP1=0, select bank0
   514     0671  0906               	comf	6,w	;volatile
   515     0672  00BC               	movwf	_film
   516     0673                     l982:
   517                           
   518                           ;DCOVL.c: 108:    for (j=0; j<8; j++)
   519     0673  01B7               	clrf	_j
   520     0674                     l984:
   521     0674  3008               	movlw	8
   522     0675  0237               	subwf	_j,w
   523     0676  1C03               	skipc
   524     0677  2E79               	goto	u371
   525     0678  2E7A               	goto	u370
   526     0679                     u371:
   527     0679  2E7B               	goto	l988
   528     067A                     u370:
   529     067A  2E86               	goto	l994
   530     067B                     l988:
   531                           
   532                           ;DCOVL.c: 109:    {;DCOVL.c: 110:            in[j]= film;
   533     067B  0837               	movf	_j,w
   534     067C  3E20               	addlw	(low (_in| 0))& (0+255)
   535     067D  0084               	movwf	4
   536     067E  083C               	movf	_film,w
   537     067F  1383               	bcf	3,7	;select IRP bank0
   538     0680  0080               	movwf	0
   539     0681                     l990:
   540                           
   541                           ;DCOVL.c: 111:    }
   542     0681  3001               	movlw	1
   543     0682  00FD               	movwf	??_main
   544     0683  087D               	movf	??_main,w
   545     0684  07B7               	addwf	_j,f
   546     0685  2E74               	goto	l984
   547     0686                     l994:
   548                           
   549                           ;DCOVL.c: 112:    fil.B= film;
   550     0686  083C               	movf	_film,w
   551     0687  00C0               	movwf	_fil
   552     0688                     l996:
   553                           
   554                           ;DCOVL.c: 113:    fh.B=0;
   555     0688  01BF               	clrf	_fh
   556     0689                     l998:
   557                           
   558                           ;DCOVL.c: 116:    kniplxfil.w= adc_read(0);
   559     0689  3000               	movlw	0
   560     068A  120A  118A  25D7  120A  118A  	fcall	_adc_read
   561     068F  0872               	movf	?_adc_read+1,w
   562     0690  1283               	bcf	3,5	;RP0=0, select bank0
   563     0691  1303               	bcf	3,6	;RP1=0, select bank0
   564     0692  00C2               	movwf	_kniplxfil+1
   565     0693  0871               	movf	?_adc_read,w
   566     0694  00C1               	movwf	_kniplxfil
   567     0695                     l1000:
   568                           
   569                           ;DCOVL.c: 117:    kniplyfil.w= adc_read(1);
   570     0695  3001               	movlw	1
   571     0696  120A  118A  25D7  120A  118A  	fcall	_adc_read
   572     069B  0872               	movf	?_adc_read+1,w
   573     069C  1283               	bcf	3,5	;RP0=0, select bank0
   574     069D  1303               	bcf	3,6	;RP1=0, select bank0
   575     069E  00C4               	movwf	_kniplyfil+1
   576     069F  0871               	movf	?_adc_read,w
   577     06A0  00C3               	movwf	_kniplyfil
   578     06A1                     l1002:
   579                           
   580                           ;DCOVL.c: 119:    T2CONbits.TMR2ON= 1;
   581     06A1  1512               	bsf	18,2	;volatile
   582     06A2                     l1004:
   583                           
   584                           ;DCOVL.c: 120:    TMR1= (uint16_t)(-20000);
   585     06A2  30B1               	movlw	177
   586     06A3  008F               	movwf	15	;volatile
   587     06A4  30E0               	movlw	224
   588     06A5  008E               	movwf	14	;volatile
   589     06A6                     l1006:
   590                           
   591                           ;DCOVL.c: 121:    TMR1ON=1;
   592     06A6  1410               	bsf	16,0	;volatile
   593     06A7                     l1008:
   594                           
   595                           ;DCOVL.c: 122:    BRGH=1;
   596     06A7  1683               	bsf	3,5	;RP0=1, select bank1
   597     06A8  1303               	bcf	3,6	;RP1=0, select bank1
   598     06A9  1518               	bsf	24,2	;volatile
   599     06AA                     l1010:
   600                           
   601                           ;DCOVL.c: 123:    SPBRG=25;
   602     06AA  3019               	movlw	25
   603     06AB  0099               	movwf	25	;volatile
   604     06AC                     l1012:
   605                           
   606                           ;DCOVL.c: 124:    SPEN=1;
   607     06AC  1283               	bcf	3,5	;RP0=0, select bank0
   608     06AD  1303               	bcf	3,6	;RP1=0, select bank0
   609     06AE  1798               	bsf	24,7	;volatile
   610     06AF                     l1014:
   611                           
   612                           ;DCOVL.c: 125:    TXEN=1;
   613     06AF  1683               	bsf	3,5	;RP0=1, select bank1
   614     06B0  1303               	bcf	3,6	;RP1=0, select bank1
   615     06B1  1698               	bsf	24,5	;volatile
   616     06B2                     l1016:
   617                           
   618                           ;DCOVL.c: 126:    CREN=1;
   619     06B2  1283               	bcf	3,5	;RP0=0, select bank0
   620     06B3  1303               	bcf	3,6	;RP1=0, select bank0
   621     06B4  1618               	bsf	24,4	;volatile
   622     06B5                     l138:	
   623                           ;DCOVL.c: 128:    while(1)
   624                           
   625     06B5  0064               	clrwdt	;# 
   626     06B6                     l1018:
   627                           
   628                           ;DCOVL.c: 131:      if(TMR1IF)
   629     06B6  1283               	bcf	3,5	;RP0=0, select bank0
   630     06B7  1303               	bcf	3,6	;RP1=0, select bank0
   631     06B8  1C0C               	btfss	12,0	;volatile
   632     06B9  2EBB               	goto	u381
   633     06BA  2EBC               	goto	u380
   634     06BB                     u381:
   635     06BB  2F85               	goto	l1104
   636     06BC                     u380:
   637     06BC                     l1020:
   638                           
   639                           ;DCOVL.c: 132:      {;DCOVL.c: 133:          TMR1=(uint16_t)(-2000);
   640     06BC  30F8               	movlw	248
   641     06BD  008F               	movwf	15	;volatile
   642     06BE  3030               	movlw	48
   643     06BF  008E               	movwf	14	;volatile
   644                           
   645                           ;DCOVL.c: 134:          TMR1IF =0;
   646     06C0  100C               	bcf	12,0	;volatile
   647     06C1                     l1022:
   648                           
   649                           ;DCOVL.c: 136:        k++;
   650     06C1  3001               	movlw	1
   651     06C2  00FD               	movwf	??_main
   652     06C3  087D               	movf	??_main,w
   653     06C4  07B8               	addwf	_k,f
   654                           
   655                           ;DCOVL.c: 137:        k %=8;
   656     06C5  3007               	movlw	7
   657     06C6  00FD               	movwf	??_main
   658     06C7  087D               	movf	??_main,w
   659     06C8  05B8               	andwf	_k,f
   660     06C9                     l1024:
   661                           
   662                           ;DCOVL.c: 138:        in[k]= ~PORTB;
   663     06C9  0838               	movf	_k,w
   664     06CA  3E20               	addlw	(low (_in| 0))& (0+255)
   665     06CB  0084               	movwf	4
   666     06CC  0906               	comf	6,w	;volatile
   667     06CD  1383               	bcf	3,7	;select IRP bank0
   668     06CE  0080               	movwf	0
   669     06CF                     l1026:
   670                           
   671                           ;DCOVL.c: 139:        set=0xff;
   672     06CF  30FF               	movlw	255
   673     06D0  00BE               	movwf	_set
   674     06D1                     l1028:
   675                           
   676                           ;DCOVL.c: 140:        res=0;
   677     06D1  01BD               	clrf	_res
   678     06D2                     l1030:
   679                           
   680                           ;DCOVL.c: 142:        for (j=0; j<8; j++)
   681     06D2  01B7               	clrf	_j
   682     06D3                     l1032:
   683     06D3  3008               	movlw	8
   684     06D4  0237               	subwf	_j,w
   685     06D5  1C03               	skipc
   686     06D6  2ED8               	goto	u391
   687     06D7  2ED9               	goto	u390
   688     06D8                     u391:
   689     06D8  2EDA               	goto	l1036
   690     06D9                     u390:
   691     06D9  2EED               	goto	l1042
   692     06DA                     l1036:
   693                           
   694                           ;DCOVL.c: 143:        {;DCOVL.c: 144:            set &= in[j];
   695     06DA  0837               	movf	_j,w
   696     06DB  3E20               	addlw	(low (_in| 0))& (0+255)
   697     06DC  0084               	movwf	4
   698     06DD  0800               	movf	0,w
   699     06DE  00FD               	movwf	??_main
   700     06DF  087D               	movf	??_main,w
   701     06E0  05BE               	andwf	_set,f
   702                           
   703                           ;DCOVL.c: 145:            res |= (in[j]);
   704     06E1  0837               	movf	_j,w
   705     06E2  3E20               	addlw	(low (_in| 0))& (0+255)
   706     06E3  0084               	movwf	4
   707     06E4  0800               	movf	0,w
   708     06E5  00FD               	movwf	??_main
   709     06E6  087D               	movf	??_main,w
   710     06E7  04BD               	iorwf	_res,f
   711     06E8                     l1038:
   712                           
   713                           ;DCOVL.c: 146:        }
   714     06E8  3001               	movlw	1
   715     06E9  00FD               	movwf	??_main
   716     06EA  087D               	movf	??_main,w
   717     06EB  07B7               	addwf	_j,f
   718     06EC  2ED3               	goto	l1032
   719     06ED                     l1042:
   720                           
   721                           ;DCOVL.c: 147:        fil.B= ((~film) & set) | (film & (res));
   722     06ED  083D               	movf	_res,w
   723     06EE  053C               	andwf	_film,w
   724     06EF  00FD               	movwf	??_main
   725     06F0  093C               	comf	_film,w
   726     06F1  053E               	andwf	_set,w
   727     06F2  047D               	iorwf	??_main,w
   728     06F3  00C0               	movwf	_fil
   729                           
   730                           ;DCOVL.c: 148:        fh.B= ((~film) & fil.B );
   731     06F4  093C               	comf	_film,w
   732     06F5  0540               	andwf	_fil,w
   733     06F6  00BF               	movwf	_fh
   734     06F7                     l1044:
   735                           
   736                           ;DCOVL.c: 149:        film= fil.B;
   737     06F7  0840               	movf	_fil,w
   738     06F8  00BC               	movwf	_film
   739     06F9                     l1046:
   740                           
   741                           ;DCOVL.c: 150:        kniplx= adc_read(0);
   742     06F9  3000               	movlw	0
   743     06FA  120A  118A  25D7  120A  118A  	fcall	_adc_read
   744     06FF  0872               	movf	?_adc_read+1,w
   745     0700  1283               	bcf	3,5	;RP0=0, select bank0
   746     0701  1303               	bcf	3,6	;RP1=0, select bank0
   747     0702  00C6               	movwf	_kniplx+1
   748     0703  0871               	movf	?_adc_read,w
   749     0704  00C5               	movwf	_kniplx
   750     0705                     l1048:
   751                           
   752                           ;DCOVL.c: 151:        kniply= adc_read(1);
   753     0705  3001               	movlw	1
   754     0706  120A  118A  25D7  120A  118A  	fcall	_adc_read
   755     070B  0872               	movf	?_adc_read+1,w
   756     070C  1283               	bcf	3,5	;RP0=0, select bank0
   757     070D  1303               	bcf	3,6	;RP1=0, select bank0
   758     070E  00C8               	movwf	_kniply+1
   759     070F  0871               	movf	?_adc_read,w
   760     0710  00C7               	movwf	_kniply
   761     0711                     l1050:
   762                           
   763                           ;DCOVL.c: 152:        adc_filter( &kniplx,&kniplxfil.w);
   764     0711  3041               	movlw	(low (_kniplxfil| 0))& (0+255)
   765     0712  00F1               	movwf	adc_filter@filt
   766     0713  3045               	movlw	(low (_kniplx| 0))& (0+255)
   767     0714  120A  118A  25FC  120A  118A  	fcall	_adc_filter
   768     0719                     l1052:
   769                           
   770                           ;DCOVL.c: 153:        adc_filter( &kniply,&kniplyfil.w);
   771     0719  3043               	movlw	(low (_kniplyfil| 0))& (0+255)
   772     071A  00F1               	movwf	adc_filter@filt
   773     071B  3047               	movlw	(low (_kniply| 0))& (0+255)
   774     071C  120A  118A  25FC  120A  118A  	fcall	_adc_filter
   775     0721                     l1054:
   776                           
   777                           ;DCOVL.c: 155:        if(kom > 0)
   778     0721  1283               	bcf	3,5	;RP0=0, select bank0
   779     0722  1303               	bcf	3,6	;RP1=0, select bank0
   780     0723  0833               	movf	_kom,w
   781     0724  1903               	btfsc	3,2
   782     0725  2F27               	goto	u401
   783     0726  2F28               	goto	u400
   784     0727                     u401:
   785     0727  2F2B               	goto	l1058
   786     0728                     u400:
   787     0728                     l1056:
   788                           
   789                           ;DCOVL.c: 156:        {;DCOVL.c: 157:            kom--;
   790     0728  3001               	movlw	1
   791     0729  02B3               	subwf	_kom,f
   792                           
   793                           ;DCOVL.c: 159:        }
   794     072A  2F2C               	goto	l1060
   795     072B                     l1058:
   796                           
   797                           ;DCOVL.c: 161:        {;DCOVL.c: 162:             prijac=0;
   798     072B  01B4               	clrf	_prijac
   799     072C                     l1060:
   800                           
   801                           ;DCOVL.c: 164:        if(prijac==AA)
   802     072C  30AA               	movlw	170
   803     072D  0634               	xorwf	_prijac,w
   804     072E  1D03               	btfss	3,2
   805     072F  2F31               	goto	u411
   806     0730  2F32               	goto	u410
   807     0731                     u411:
   808     0731  2F36               	goto	l144
   809     0732                     u410:
   810     0732                     l1062:
   811                           
   812                           ;DCOVL.c: 165:        {;DCOVL.c: 166:            RC3=1;
   813     0732  1587               	bsf	7,3	;volatile
   814     0733                     l1064:
   815                           
   816                           ;DCOVL.c: 167:            blik=0;
   817     0733  01B1               	clrf	_blik
   818     0734  01B2               	clrf	_blik+1
   819                           
   820                           ;DCOVL.c: 168:        }
   821     0735  2F7F               	goto	l1102
   822     0736                     l144:	
   823                           ;DCOVL.c: 169:        else
   824                           
   825                           
   826                           ;DCOVL.c: 170:        if(RC3)
   827     0736  1D87               	btfss	7,3	;volatile
   828     0737  2F39               	goto	u421
   829     0738  2F3A               	goto	u420
   830     0739                     u421:
   831     0739  2F45               	goto	l1072
   832     073A                     u420:
   833     073A                     l1066:
   834                           
   835                           ;DCOVL.c: 171:        {;DCOVL.c: 172:          if(blik > 100)
   836     073A  3000               	movlw	0
   837     073B  0232               	subwf	_blik+1,w
   838     073C  3065               	movlw	101
   839     073D  1903               	skipnz
   840     073E  0231               	subwf	_blik,w
   841     073F  1C03               	skipc
   842     0740  2F42               	goto	u431
   843     0741  2F43               	goto	u430
   844     0742                     u431:
   845     0742  2F7F               	goto	l1102
   846     0743                     u430:
   847     0743                     l1068:
   848                           
   849                           ;DCOVL.c: 173:          {;DCOVL.c: 174:              RC3=0;
   850     0743  1187               	bcf	7,3	;volatile
   851     0744  2F33               	goto	l1064
   852     0745                     l1072:
   853                           
   854                           ;DCOVL.c: 179:        if(prijac==AAINV)
   855     0745  3055               	movlw	85
   856     0746  0634               	xorwf	_prijac,w
   857     0747  1D03               	btfss	3,2
   858     0748  2F4A               	goto	u441
   859     0749  2F4B               	goto	u440
   860     074A                     u441:
   861     074A  2F55               	goto	l1080
   862     074B                     u440:
   863     074B                     l1074:
   864                           
   865                           ;DCOVL.c: 180:        {;DCOVL.c: 181:         if(blik> 175)
   866     074B  3000               	movlw	0
   867     074C  0232               	subwf	_blik+1,w
   868     074D  30B0               	movlw	176
   869     074E  1903               	skipnz
   870     074F  0231               	subwf	_blik,w
   871     0750  1C03               	skipc
   872     0751  2F53               	goto	u451
   873     0752  2F54               	goto	u450
   874     0753                     u451:
   875     0753  2F7F               	goto	l1102
   876     0754                     u450:
   877     0754  2F32               	goto	l1062
   878     0755                     l1080:
   879                           
   880                           ;DCOVL.c: 188:        if(prijac==ALT)
   881     0755  30A5               	movlw	165
   882     0756  0634               	xorwf	_prijac,w
   883     0757  1D03               	btfss	3,2
   884     0758  2F5A               	goto	u461
   885     0759  2F5B               	goto	u460
   886     075A                     u461:
   887     075A  2F65               	goto	l1088
   888     075B                     u460:
   889     075B                     l1082:
   890                           
   891                           ;DCOVL.c: 189:        {;DCOVL.c: 190:         if(blik> 1400)
   892     075B  3005               	movlw	5
   893     075C  0232               	subwf	_blik+1,w
   894     075D  3079               	movlw	121
   895     075E  1903               	skipnz
   896     075F  0231               	subwf	_blik,w
   897     0760  1C03               	skipc
   898     0761  2F63               	goto	u471
   899     0762  2F64               	goto	u470
   900     0763                     u471:
   901     0763  2F7F               	goto	l1102
   902     0764                     u470:
   903     0764  2F32               	goto	l1062
   904     0765                     l1088:
   905                           
   906                           ;DCOVL.c: 197:        if(prijac==ALTINV)
   907     0765  305A               	movlw	90
   908     0766  0634               	xorwf	_prijac,w
   909     0767  1D03               	btfss	3,2
   910     0768  2F6A               	goto	u481
   911     0769  2F6B               	goto	u480
   912     076A                     u481:
   913     076A  2F75               	goto	l1096
   914     076B                     u480:
   915     076B                     l1090:
   916                           
   917                           ;DCOVL.c: 198:        {;DCOVL.c: 199:         if(blik> 2800)
   918     076B  300A               	movlw	10
   919     076C  0232               	subwf	_blik+1,w
   920     076D  30F1               	movlw	241
   921     076E  1903               	skipnz
   922     076F  0231               	subwf	_blik,w
   923     0770  1C03               	skipc
   924     0771  2F73               	goto	u491
   925     0772  2F74               	goto	u490
   926     0773                     u491:
   927     0773  2F7F               	goto	l148
   928     0774                     u490:
   929     0774  2F32               	goto	l1062
   930     0775                     l1096:
   931                           
   932                           ;DCOVL.c: 207:        {;DCOVL.c: 208:         if(blik> 7500)
   933     0775  301D               	movlw	29
   934     0776  0232               	subwf	_blik+1,w
   935     0777  304D               	movlw	77
   936     0778  1903               	skipnz
   937     0779  0231               	subwf	_blik,w
   938     077A  1C03               	skipc
   939     077B  2F7D               	goto	u501
   940     077C  2F7E               	goto	u500
   941     077D                     u501:
   942     077D  2F7F               	goto	l148
   943     077E                     u500:
   944     077E  2F32               	goto	l1062
   945     077F                     l148:
   946     077F                     l1102:
   947                           
   948                           ;DCOVL.c: 214:        blik++;
   949     077F  3001               	movlw	1
   950     0780  07B1               	addwf	_blik,f
   951     0781  1803               	skipnc
   952     0782  0AB2               	incf	_blik+1,f
   953     0783  3000               	movlw	0
   954     0784  07B2               	addwf	_blik+1,f
   955     0785                     l1104:
   956                           
   957                           ;DCOVL.c: 216:      if(RCIF && !RC5)
   958     0785  1E8C               	btfss	12,5	;volatile
   959     0786  2F88               	goto	u511
   960     0787  2F89               	goto	u510
   961     0788                     u511:
   962     0788  2FC4               	goto	l1136
   963     0789                     u510:
   964     0789                     l1106:
   965     0789  1A87               	btfsc	7,5	;volatile
   966     078A  2F8C               	goto	u521
   967     078B  2F8D               	goto	u520
   968     078C                     u521:
   969     078C  2FC4               	goto	l1136
   970     078D                     u520:
   971     078D                     l1108:
   972                           
   973                           ;DCOVL.c: 217:      {;DCOVL.c: 218:           if(OERR)
   974     078D  1C98               	btfss	24,1	;volatile
   975     078E  2F90               	goto	u531
   976     078F  2F91               	goto	u530
   977     0790                     u531:
   978     0790  2F93               	goto	l1112
   979     0791                     u530:
   980     0791                     l1110:
   981                           
   982                           ;DCOVL.c: 219:           {;DCOVL.c: 220:                 CREN = 0;
   983     0791  1218               	bcf	24,4	;volatile
   984                           
   985                           ;DCOVL.c: 221:                 CREN = 1;
   986     0792  1618               	bsf	24,4	;volatile
   987     0793                     l1112:
   988                           
   989                           ;DCOVL.c: 223:           prijaty= RCREG;
   990     0793  081A               	movf	26,w	;volatile
   991     0794  00B5               	movwf	_prijaty
   992     0795                     l1114:
   993                           
   994                           ;DCOVL.c: 225:           if((prijaty==ALT) || (prijaty==ALTINV) || (prijaty==AA) || (pri
      +                          jaty==AAINV))
   995     0795  30A5               	movlw	165
   996     0796  0635               	xorwf	_prijaty,w
   997     0797  1903               	btfsc	3,2
   998     0798  2F9A               	goto	u541
   999     0799  2F9B               	goto	u540
  1000     079A                     u541:
  1001     079A  2FAD               	goto	l1122
  1002     079B                     u540:
  1003     079B                     l1116:
  1004     079B  305A               	movlw	90
  1005     079C  0635               	xorwf	_prijaty,w
  1006     079D  1903               	btfsc	3,2
  1007     079E  2FA0               	goto	u551
  1008     079F  2FA1               	goto	u550
  1009     07A0                     u551:
  1010     07A0  2FAD               	goto	l1122
  1011     07A1                     u550:
  1012     07A1                     l1118:
  1013     07A1  30AA               	movlw	170
  1014     07A2  0635               	xorwf	_prijaty,w
  1015     07A3  1903               	btfsc	3,2
  1016     07A4  2FA6               	goto	u561
  1017     07A5  2FA7               	goto	u560
  1018     07A6                     u561:
  1019     07A6  2FAD               	goto	l1122
  1020     07A7                     u560:
  1021     07A7                     l1120:
  1022     07A7  3055               	movlw	85
  1023     07A8  0635               	xorwf	_prijaty,w
  1024     07A9  1D03               	btfss	3,2
  1025     07AA  2FAC               	goto	u571
  1026     07AB  2FAD               	goto	u570
  1027     07AC                     u571:
  1028     07AC  2FC4               	goto	l1136
  1029     07AD                     u570:
  1030     07AD                     l1122:
  1031                           
  1032                           ;DCOVL.c: 226:           {;DCOVL.c: 227:                 kom=100;
  1033     07AD  3064               	movlw	100
  1034     07AE  00B3               	movwf	_kom
  1035     07AF                     l1124:
  1036                           
  1037                           ;DCOVL.c: 228:                 RC5=1;
  1038     07AF  1687               	bsf	7,5	;volatile
  1039     07B0                     l1126:
  1040                           
  1041                           ;DCOVL.c: 229:                 TXIF=1;
  1042     07B0  160C               	bsf	12,4	;volatile
  1043                           
  1044                           ;DCOVL.c: 231:                 bufout[0]= fil.B;
  1045     07B1  0840               	movf	_fil,w
  1046     07B2  00A8               	movwf	_bufout
  1047                           
  1048                           ;DCOVL.c: 232:                 bufout[1]= kniplxfil.H;
  1049     07B3  0842               	movf	_kniplxfil+1,w
  1050     07B4  00A9               	movwf	_bufout+1
  1051                           
  1052                           ;DCOVL.c: 233:                 bufout[2]= kniplxfil.L;
  1053     07B5  0841               	movf	_kniplxfil,w
  1054     07B6  00AA               	movwf	_bufout+2
  1055                           
  1056                           ;DCOVL.c: 234:                 bufout[3]= kniplyfil.H;
  1057     07B7  0844               	movf	_kniplyfil+1,w
  1058     07B8  00AB               	movwf	_bufout+3
  1059                           
  1060                           ;DCOVL.c: 235:                 bufout[4]= kniplyfil.L;
  1061     07B9  0843               	movf	_kniplyfil,w
  1062     07BA  00AC               	movwf	_bufout+4
  1063     07BB                     l1128:
  1064                           
  1065                           ;DCOVL.c: 236:                 i=0;
  1066     07BB  01B9               	clrf	_i
  1067     07BC                     l1130:
  1068                           
  1069                           ;DCOVL.c: 237:                 TXREG= bufout[i];
  1070     07BC  0828               	movf	_bufout,w
  1071     07BD  0099               	movwf	25	;volatile
  1072     07BE                     l1132:
  1073                           
  1074                           ;DCOVL.c: 238:                 prijac= prijaty;
  1075     07BE  0835               	movf	_prijaty,w
  1076     07BF  00B4               	movwf	_prijac
  1077     07C0                     l1134:
  1078                           
  1079                           ;DCOVL.c: 239:                 i++;
  1080     07C0  3001               	movlw	1
  1081     07C1  00FD               	movwf	??_main
  1082     07C2  087D               	movf	??_main,w
  1083     07C3  07B9               	addwf	_i,f
  1084     07C4                     l1136:
  1085                           
  1086                           ;DCOVL.c: 244:      if(RC5)
  1087     07C4  1E87               	btfss	7,5	;volatile
  1088     07C5  2FC7               	goto	u581
  1089     07C6  2FC8               	goto	u580
  1090     07C7                     u581:
  1091     07C7  2EB5               	goto	l138
  1092     07C8                     u580:
  1093     07C8                     l1138:
  1094                           
  1095                           ;DCOVL.c: 245:      {;DCOVL.c: 246:             if(TRMT && (i >= 5))
  1096     07C8  1683               	bsf	3,5	;RP0=1, select bank1
  1097     07C9  1303               	bcf	3,6	;RP1=0, select bank1
  1098     07CA  1C98               	btfss	24,1	;volatile
  1099     07CB  2FCD               	goto	u591
  1100     07CC  2FCE               	goto	u590
  1101     07CD                     u591:
  1102     07CD  2FE3               	goto	l1150
  1103     07CE                     u590:
  1104     07CE                     l1140:
  1105     07CE  3005               	movlw	5
  1106     07CF  1283               	bcf	3,5	;RP0=0, select bank0
  1107     07D0  1303               	bcf	3,6	;RP1=0, select bank0
  1108     07D1  0239               	subwf	_i,w
  1109     07D2  1C03               	skipc
  1110     07D3  2FD5               	goto	u601
  1111     07D4  2FD6               	goto	u600
  1112     07D5                     u601:
  1113     07D5  2FE3               	goto	l1150
  1114     07D6                     u600:
  1115     07D6                     l1142:
  1116                           
  1117                           ;DCOVL.c: 247:             {;DCOVL.c: 248:                RC5=0;
  1118     07D6  1287               	bcf	7,5	;volatile
  1119     07D7                     l1144:
  1120                           
  1121                           ;DCOVL.c: 249:                i=0;
  1122     07D7  01B9               	clrf	_i
  1123                           
  1124                           ;DCOVL.c: 250:             }
  1125     07D8  2EB5               	goto	l138
  1126     07D9                     l1146:
  1127                           
  1128                           ;DCOVL.c: 253:             {;DCOVL.c: 254:                TXREG= bufout[i];
  1129     07D9  0839               	movf	_i,w
  1130     07DA  3E28               	addlw	(low (_bufout| 0))& (0+255)
  1131     07DB  0084               	movwf	4
  1132     07DC  1383               	bcf	3,7	;select IRP bank0
  1133     07DD  0800               	movf	0,w
  1134     07DE  0099               	movwf	25	;volatile
  1135     07DF                     l1148:
  1136                           
  1137                           ;DCOVL.c: 255:                i++;
  1138     07DF  3001               	movlw	1
  1139     07E0  00FD               	movwf	??_main
  1140     07E1  087D               	movf	??_main,w
  1141     07E2  07B9               	addwf	_i,f
  1142     07E3                     l1150:
  1143                           
  1144                           ;DCOVL.c: 252:             while(TXIF && (i<5))
  1145     07E3  1283               	bcf	3,5	;RP0=0, select bank0
  1146     07E4  1E0C               	btfss	12,4	;volatile
  1147     07E5  2FE7               	goto	u611
  1148     07E6  2FE8               	goto	u610
  1149     07E7                     u611:
  1150     07E7  2FEF               	goto	l164
  1151     07E8                     u610:
  1152     07E8                     l1152:
  1153     07E8  3005               	movlw	5
  1154     07E9  0239               	subwf	_i,w
  1155     07EA  1C03               	skipc
  1156     07EB  2FED               	goto	u621
  1157     07EC  2FEE               	goto	u620
  1158     07ED                     u621:
  1159     07ED  2FD9               	goto	l1146
  1160     07EE                     u620:
  1161     07EE  2EB5               	goto	l138
  1162     07EF                     l164:	
  1163                           ;DCOVL.c: 259:      }
  1164                           
  1165     07EF  2EB5               	goto	l138
  1166     07F0  120A  118A  2801   	ljmp	start
  1167     07F3                     __end_of_main:
  1168                           
  1169                           	psect	text1
  1170     05D7                     __ptext1:	
  1171 ;; *************** function _adc_read *****************
  1172 ;; Defined at:
  1173 ;;		line 67 in file "DCOVL.c"
  1174 ;; Parameters:    Size  Location     Type
  1175 ;;  channel         1    wreg     unsigned char 
  1176 ;; Auto vars:     Size  Location     Type
  1177 ;;  channel         1    3[COMMON] unsigned char 
  1178 ;; Return value:  Size  Location     Type
  1179 ;;                  2    0[COMMON] unsigned short 
  1180 ;; Registers used:
  1181 ;;		wreg, status,2, status,0
  1182 ;; Tracked objects:
  1183 ;;		On entry : 0/0
  1184 ;;		On exit  : 0/0
  1185 ;;		Unchanged: 0/0
  1186 ;; Data sizes:     COMMON   BANK0   BANK1   BANK3   BANK2
  1187 ;;      Params:         2       0       0       0       0
  1188 ;;      Locals:         1       0       0       0       0
  1189 ;;      Temps:          1       0       0       0       0
  1190 ;;      Totals:         4       0       0       0       0
  1191 ;;Total ram usage:        4 bytes
  1192 ;; Hardware stack levels used: 1
  1193 ;; This function calls:
  1194 ;;		Nothing
  1195 ;; This function is called by:
  1196 ;;		_main
  1197 ;; This function uses a non-reentrant model
  1198 ;;
  1199                           
  1200     05D7                     _adc_read:	
  1201                           ;psect for function _adc_read
  1202                           
  1203                           
  1204                           ;incstack = 0
  1205                           ; Regs used in _adc_read: [wreg+status,2+status,0]
  1206                           ;adc_read@channel stored from wreg
  1207     05D7  00F4               	movwf	adc_read@channel
  1208     05D8                     l936:
  1209                           
  1210                           ;DCOVL.c: 67: uint16_t adc_read(unsigned char channel);DCOVL.c: 68: {;DCOVL.c: 69: ADCON
      +                          0 = (channel << 3) + 0x81;
  1211     05D8  0874               	movf	adc_read@channel,w
  1212     05D9  00F3               	movwf	??_adc_read
  1213     05DA  3002               	movlw	2
  1214     05DB                     u325:
  1215     05DB  1003               	clrc
  1216     05DC  0DF3               	rlf	??_adc_read,f
  1217     05DD  3EFF               	addlw	-1
  1218     05DE  1D03               	skipz
  1219     05DF  2DDB               	goto	u325
  1220     05E0  1003               	clrc
  1221     05E1  0D73               	rlf	??_adc_read,w
  1222     05E2  3E81               	addlw	129
  1223     05E3  1283               	bcf	3,5	;RP0=0, select bank0
  1224     05E4  1303               	bcf	3,6	;RP1=0, select bank0
  1225     05E5  009F               	movwf	31	;volatile
  1226     05E6                     l938:
  1227                           
  1228                           ;DCOVL.c: 71:  j=6;
  1229     05E6  3006               	movlw	6
  1230     05E7  00B7               	movwf	_j
  1231                           
  1232                           ;DCOVL.c: 72:  while(j)
  1233     05E8  2DEB               	goto	l119
  1234     05E9                     l940:
  1235                           
  1236                           ;DCOVL.c: 73:      j--;
  1237     05E9  3001               	movlw	1
  1238     05EA  02B7               	subwf	_j,f
  1239     05EB                     l119:
  1240                           
  1241                           ;DCOVL.c: 72:  while(j)
  1242     05EB  0837               	movf	_j,w
  1243     05EC  1D03               	btfss	3,2
  1244     05ED  2DEF               	goto	u331
  1245     05EE  2DF0               	goto	u330
  1246     05EF                     u331:
  1247     05EF  2DE9               	goto	l940
  1248     05F0                     u330:
  1249     05F0                     l121:
  1250                           
  1251                           ;DCOVL.c: 74:  GO_DONE = 1;
  1252     05F0  151F               	bsf	31,2	;volatile
  1253     05F1                     l122:	
  1254                           ;DCOVL.c: 75:  while(GO_DONE)
  1255                           
  1256                           
  1257                           ;DCOVL.c: 75:  while(GO_DONE)
  1258     05F1  191F               	btfsc	31,2	;volatile
  1259     05F2  2DF4               	goto	u341
  1260     05F3  2DF5               	goto	u340
  1261     05F4                     u341:
  1262     05F4  2DF1               	goto	l122
  1263     05F5                     u340:
  1264     05F5                     l942:
  1265                           
  1266                           ;DCOVL.c: 77:  return (((uint16_t)ADRESH)<<8) + ADRESL;
  1267     05F5  081E               	movf	30,w	;volatile
  1268     05F6  00F2               	movwf	?_adc_read+1
  1269     05F7  1683               	bsf	3,5	;RP0=1, select bank1
  1270     05F8  1303               	bcf	3,6	;RP1=0, select bank1
  1271     05F9  081E               	movf	30,w	;volatile
  1272     05FA  00F1               	movwf	?_adc_read
  1273     05FB                     l125:
  1274     05FB  0008               	return
  1275     05FC                     __end_of_adc_read:
  1276                           
  1277                           	psect	text2
  1278     05FC                     __ptext2:	
  1279 ;; *************** function _adc_filter *****************
  1280 ;; Defined at:
  1281 ;;		line 80 in file "DCOVL.c"
  1282 ;; Parameters:    Size  Location     Type
  1283 ;;  act             1    wreg     PTR unsigned short 
  1284 ;;		 -> kniply(2), kniplx(2), 
  1285 ;;  filt            1    0[COMMON] PTR unsigned short 
  1286 ;;		 -> kniplyfil(2), kniplxfil(2), 
  1287 ;; Auto vars:     Size  Location     Type
  1288 ;;  act             1    7[COMMON] PTR unsigned short 
  1289 ;;		 -> kniply(2), kniplx(2), 
  1290 ;;  ax              2    5[COMMON] short 
  1291 ;; Return value:  Size  Location     Type
  1292 ;;                  1    wreg      void 
  1293 ;; Registers used:
  1294 ;;		wreg, fsr0l, fsr0h, status,2, status,0, btemp+1
  1295 ;; Tracked objects:
  1296 ;;		On entry : 0/0
  1297 ;;		On exit  : 0/0
  1298 ;;		Unchanged: 0/0
  1299 ;; Data sizes:     COMMON   BANK0   BANK1   BANK3   BANK2
  1300 ;;      Params:         1       0       0       0       0
  1301 ;;      Locals:         3       0       0       0       0
  1302 ;;      Temps:          4       0       0       0       0
  1303 ;;      Totals:         8       0       0       0       0
  1304 ;;Total ram usage:        8 bytes
  1305 ;; Hardware stack levels used: 1
  1306 ;; This function calls:
  1307 ;;		Nothing
  1308 ;; This function is called by:
  1309 ;;		_main
  1310 ;; This function uses a non-reentrant model
  1311 ;;
  1312                           
  1313     05FC                     _adc_filter:	
  1314                           ;psect for function _adc_filter
  1315                           
  1316                           
  1317                           ;incstack = 0
  1318                           ; Regs used in _adc_filter: [wreg-fsr0h+status,2+status,0+btemp+1]
  1319                           ;adc_filter@act stored from wreg
  1320     05FC  00F8               	movwf	adc_filter@act
  1321     05FD                     l946:
  1322                           
  1323                           ;DCOVL.c: 80: void adc_filter(uint16_t *act,uint16_t *filt);DCOVL.c: 81: {;DCOVL.c: 82: 
      +                              int16_t ax= (int16_t)((*act)>>2) - (int16_t)((*filt)>>2);
  1324     05FD  0871               	movf	adc_filter@filt,w
  1325     05FE  0084               	movwf	4
  1326     05FF  1383               	bcf	3,7	;select IRP bank0
  1327     0600  0800               	movf	0,w
  1328     0601  00F2               	movwf	??_adc_filter
  1329     0602  0A84               	incf	4,f
  1330     0603  0800               	movf	0,w
  1331     0604  00F3               	movwf	??_adc_filter+1
  1332     0605  1003               	clrc
  1333     0606  0CF3               	rrf	??_adc_filter+1,f
  1334     0607  0CF2               	rrf	??_adc_filter,f
  1335     0608  1003               	clrc
  1336     0609  0CF3               	rrf	??_adc_filter+1,f
  1337     060A  0CF2               	rrf	??_adc_filter,f
  1338     060B  0878               	movf	adc_filter@act,w
  1339     060C  0084               	movwf	4
  1340     060D  0800               	movf	0,w
  1341     060E  00F4               	movwf	??_adc_filter+2
  1342     060F  0A84               	incf	4,f
  1343     0610  0800               	movf	0,w
  1344     0611  00F5               	movwf	??_adc_filter+3
  1345     0612  1003               	clrc
  1346     0613  0CF5               	rrf	??_adc_filter+3,f
  1347     0614  0CF4               	rrf	??_adc_filter+2,f
  1348     0615  1003               	clrc
  1349     0616  0CF5               	rrf	??_adc_filter+3,f
  1350     0617  0CF4               	rrf	??_adc_filter+2,f
  1351     0618  0872               	movf	??_adc_filter,w
  1352     0619  0274               	subwf	??_adc_filter+2,w
  1353     061A  00F6               	movwf	adc_filter@ax
  1354     061B  0873               	movf	??_adc_filter+1,w
  1355     061C  1C03               	skipc
  1356     061D  0A73               	incf	??_adc_filter+1,w
  1357     061E  0275               	subwf	??_adc_filter+3,w
  1358     061F  00F7               	movwf	adc_filter@ax+1
  1359     0620                     l948:
  1360                           
  1361                           ;DCOVL.c: 83:     *filt += (uint16_t)ax;
  1362     0620  0871               	movf	adc_filter@filt,w
  1363     0621  0084               	movwf	4
  1364     0622  0876               	movf	adc_filter@ax,w
  1365     0623  0780               	addwf	0,f
  1366     0624  0F84               	incfsz	4,f
  1367     0625  0800               	movf	0,w
  1368     0626  1803               	skipnc
  1369     0627  0A00               	incf	0,w
  1370     0628  00FF               	movwf	btemp+1
  1371     0629  0877               	movf	adc_filter@ax+1,w
  1372     062A  077F               	addwf	btemp+1,w
  1373     062B  0080               	movwf	0
  1374     062C  0384               	decf	4,f
  1375     062D                     l128:
  1376     062D  0008               	return
  1377     062E                     __end_of_adc_filter:
  1378     007E                     btemp	set	126	;btemp
  1379     007E                     wtemp0	set	126
  1380                           
  1381                           	psect	config
  1382                           
  1383                           ;Config register CONFIG @ 0x2007
  1384                           ;	Oscillator Selection bits
  1385                           ;	FOSC = HS, HS oscillator
  1386                           ;	Watchdog Timer Enable bit
  1387                           ;	WDTE = ON, WDT enabled
  1388                           ;	Power-up Timer Enable bit
  1389                           ;	PWRTE = ON, PWRT enabled
  1390                           ;	FLASH Program Memory Code Protection bits
  1391                           ;	CP = ALL, 0000h to 1FFFh code protected
  1392                           ;	Brown-out Reset Enable bit
  1393                           ;	BOREN = ON, BOR enabled
  1394                           ;	Low Voltage In-Circuit Serial Programming Enable bit
  1395                           ;	LVP = OFF, RB3 is digital I/O, HV on MCLR must be used for programming
  1396                           ;	Data EE Memory Code Protection
  1397                           ;	CPD = OFF, Code Protection off
  1398                           ;	FLASH Program Memory Write Enable
  1399                           ;	WRT = OFF, Unprotected program memory may not be written to by EECON control
  1400                           ;	In-Circuit Debugger Mode bit
  1401                           ;	DEBUG = 0x1, unprogrammed default
  1402     2007                     	org	8199
  1403     2007  0D46               	dw	3398

Data Sizes:
    Strings     0
    Constant    5
    Data        0
    BSS         41
    Persistent  2
    Stack       0

Auto Spaces:
    Space          Size  Autos    Used
    COMMON           13     13      13
    BANK0            80      0      43
    BANK1            80      0       0
    BANK3            85      0       0
    BANK2            96      0       0

Pointer List with Targets:

    adc_filter@act	PTR unsigned short  size(1) Largest target is 2
		 -> kniplx(BANK0[2]), kniply(BANK0[2]), 

    adc_filter@filt	PTR unsigned short  size(1) Largest target is 2
		 -> kniplxfil(BANK0[2]), kniplyfil(BANK0[2]), 

    ptr	PTR unsigned char  size(2) Largest target is 512
		 -> RAM(DATA[512]), NULL(NULL[0]), 


Critical Paths under _main in COMMON

    _main->_adc_filter

Critical Paths under _main in BANK0

    None.

Critical Paths under _main in BANK1

    None.

Critical Paths under _main in BANK3

    None.

Critical Paths under _main in BANK2

    None.

Call Graph Tables:

 ---------------------------------------------------------------------------------
 (Depth) Function   	        Calls       Base Space   Used Autos Params    Refs
 ---------------------------------------------------------------------------------
 (0) _main                                                 5     1      4     329
                                              8 COMMON     5     1      4
                         _adc_filter
                           _adc_read
 ---------------------------------------------------------------------------------
 (1) _adc_read                                             4     2      2      22
                                              0 COMMON     4     2      2
 ---------------------------------------------------------------------------------
 (1) _adc_filter                                           8     7      1     307
                                              0 COMMON     8     7      1
 ---------------------------------------------------------------------------------
 Estimated maximum stack depth 1
 ---------------------------------------------------------------------------------

 Call Graph Graphs:

 _main (ROOT)
   _adc_filter
   _adc_read

 Address spaces:
Name               Size   Autos  Total    Cost      Usage
BITCOMMON            D      0       0       0        0.0%
EEDATA             100      0       0       0        0.0%
NULL                 0      0       0       0        0.0%
CODE                 0      0       0       0        0.0%
COMMON               D      D       D       1      100.0%
BITSFR0              0      0       0       1        0.0%
SFR0                 0      0       0       1        0.0%
BITSFR1              0      0       0       2        0.0%
SFR1                 0      0       0       2        0.0%
STACK                0      0       0       2        0.0%
ABS                  0      0      38       3        0.0%
BITBANK0            50      0       0       4        0.0%
BITSFR3              0      0       0       4        0.0%
SFR3                 0      0       0       4        0.0%
BANK0               50      0      2B       5       53.8%
BITSFR2              0      0       0       5        0.0%
SFR2                 0      0       0       5        0.0%
BITBANK1            50      0       0       6        0.0%
BANK1               50      0       0       7        0.0%
BITBANK3            55      0       0       8        0.0%
BANK3               55      0       0       9        0.0%
BITBANK2            60      0       0      10        0.0%
BANK2               60      0       0      11        0.0%
DATA                 0      0      38      12        0.0%


Microchip Technology PIC Macro Assembler V2.46 build 20240104201356 
Symbol Table                                                                                   Mon Dec 29 22:42:14 2025

                      _i 0039                        _j 0037                        _k 0038  
                      pc 0002                       _AA 000D                       _fh 003F  
                     _in 0020                       fsr 0004                      l121 05F0  
                    l122 05F1                      l125 05FB                      l119 05EB  
                    l128 062D                      l144 0736                      l138 06B5  
                    l164 07EF                      l148 077F                      l940 05E9  
                    l942 05F5                      l950 062E                      l936 05D8  
                    l960 064C                      l946 05FD                      l938 05E6  
                    l970 0664                      l962 0655                      l954 0636  
                    l948 0620                      l980 066F                      l972 0667  
                    l964 0659                      l956 0640                      l990 0681  
                    l982 0673                      l974 0668                      l966 065C  
                    l958 0646                      l984 0674                      l976 066A  
                    l968 0660                      _ALT 000E                      l994 0686  
                    l978 066B                      l996 0688                      l988 067B  
                    l998 0689                      _COP 000C                      _RC3 003B  
                    _RC5 003D                      u400 0728                      u401 0727  
                    u330 05F0                      u410 0732                      u331 05EF  
                    u411 0731                      u340 05F5                      u500 077E  
                    u420 073A                      u341 05F4                      u325 05DB  
                    u501 077D                      u421 0739                      u510 0789  
                    u430 0743                      u350 0640                      u511 0788  
                    u431 0742                      u351 063F                      u600 07D6  
                    u520 078D                      u440 074B                      u360 0655  
                    u601 07D5                      u521 078C                      u441 074A  
                    u361 0654                      u610 07E8                      u530 0791  
                    u450 0754                      u370 067A                      u611 07E7  
                    u531 0790                      u451 0753                      u371 0679  
                    u355 063C                      u620 07EE                      u540 079B  
                    u460 075B                      u380 06BC                      u621 07ED  
                    u541 079A                      u461 075A                      u381 06BB  
                    u550 07A1                      u470 0764                      u390 06D9  
                    u551 07A0                      u471 0763                      u391 06D8  
                    u560 07A7                      u480 076B                      u561 07A6  
                    u481 076A                      u570 07AD                      u490 0774  
                    u571 07AC                      u491 0773                      u580 07C8  
                    u581 07C7                      u590 07CE                      u591 07CD  
                    _fil 0040                      _kom 0033                      _res 003D  
                    _set 003E                      fsr0 0004                      _ptr 0049  
                    indf 0000                     l1000 0695                     l1010 06AA  
                   l1002 06A1                     l1020 06BC                     l1012 06AC  
                   l1004 06A2                     l1110 0791                     l1102 077F  
                   l1030 06D2                     l1022 06C1                     l1014 06AF  
                   l1006 06A6                     l1120 07A7                     l1112 0793  
                   l1032 06D3                     l1024 06C9                     l1104 0785  
                   l1016 06B2                     l1008 06A7                     l1130 07BC  
                   l1122 07AD                     l1114 0795                     l1106 0789  
                   l1050 0711                     l1042 06ED                     l1026 06CF  
                   l1018 06B6                     l1140 07CE                     l1132 07BE  
                   l1124 07AF                     l1116 079B                     l1108 078D  
                   l1060 072C                     l1052 0719                     l1044 06F7  
                   l1036 06DA                     l1028 06D1                     l1142 07D6  
                   l1150 07E3                     l1134 07C0                     l1126 07B0  
                   l1118 07A1                     l1062 0732                     l1054 0721  
                   l1046 06F9                     l1038 06E8                     l1152 07E8  
                   l1144 07D7                     l1128 07BB                     l1136 07C4  
                   l1080 0755                     l1072 0745                     l1064 0733  
                   l1056 0728                     l1048 0705                     l1146 07D9  
                   l1138 07C8                     l1090 076B                     l1082 075B  
                   l1074 074B                     l1066 073A                     l1058 072B  
                   l1148 07DF                     l1068 0743                     l1096 0775  
                   l1088 0765                     _BRGH 04C2                     _CREN 00C4  
                   _RCIF 0065                     _OERR 00C1                     _TMR1 000E  
                   _SPEN 00C7                     _TRMT 04C1                     _TXEN 04C5  
                   _TXIF 0064                     _blik 0031                     _film 003C  
                   _main 062E                     _step 003B                     btemp 007E  
                   start 0001                    ?_main 0079                    _AAINV 000A  
                  _RCREG 001A                    _SPBRG 0099                    _PORTA 0005  
                  _PORTB 0006                    _PORTC 0007                    _TRISA 0085  
                  _TRISB 0086                    _TRISC 0087                    _TXREG 0019  
                  pclath 000A                    status 0003                    wtemp0 007E  
        __initialization 07F3             __end_of_main 07F3                   ??_main 007D  
                 _ADCON0 001F                   _ADRESH 001E                   _ADRESL 009E  
                 _ALTINV 000B         __end_of_adc_read 05FC                   _TMR1IF 0060  
                 _TMR1ON 0080                   _STATUS 0003                   _bufout 0028  
                 _kniplx 0045                   _kniply 0047                   _prijac 0034  
                 _timvyp 002D  __end_of__initialization 07FC            __end_of_AAINV 000B  
         adc_filter@filt 0071           __pcstackCOMMON 0071               _adc_filter 05FC  
             __end_of_AA 000E           _OPTION_REGbits 0081               __pbssBANK0 0020  
           adc_filter@ax 0076               __pmaintext 062E                ?_adc_read 0071  
                _GO_DONE 00FA               __stringtab 0004              ?_adc_filter 0071  
             ??_adc_read 0073                  __ptext1 05D7                  __ptext2 05FC  
              _T2CONbits 0012                  _prijaty 0035                  _stepold 003A  
                clrloop0 05D0     end_of_initialization 07FC           __end_of_ALTINV 000C  
    start_initialization 07F3              __end_of_ALT 000F              __end_of_COP 000D  
        adc_read@channel 0074                ___latbits 0002            adc_filter@act 0078  
              __pnvBANK0 0049             ??_adc_filter 0072                __pstrings 0004  
     __end_of_adc_filter 062E                _kniplxfil 0041                _kniplyfil 0043  
              clear_ram0 05CF              __stringbase 0009               _ADCON1bits 009F  
     __end_of__stringtab 000A                 _adc_read 05D7                 _startime 0036  
               main@argc 0079                 main@argv 007B                stringcode 0004  
               stringdir 0004                 stringtab 0004  
